This is pdfTeX, Version 3.14159265-2.6-1.40.20 (TeX Live 2019/Debian) (preloaded format=pdflatex 2024.10.7)  13 JAN 2025 23:09
entering extended mode
 restricted \write18 enabled.
 %&-line parsing enabled.
**report.tex
(./report.tex
LaTeX2e <2020-02-02> patch level 2
L3 programming layer <2020-02-14>
(/usr/share/texlive/texmf-dist/tex/latex/base/article.cls
Document Class: article 2019/12/20 v1.4l Standard LaTeX document class
(/usr/share/texlive/texmf-dist/tex/latex/base/size10.clo
File: size10.clo 2019/12/20 v1.4l Standard LaTeX file (size option)
)
\c@part=\count167
\c@section=\count168
\c@subsection=\count169
\c@subsubsection=\count170
\c@paragraph=\count171
\c@subparagraph=\count172
\c@figure=\count173
\c@table=\count174
\abovecaptionskip=\skip47
\belowcaptionskip=\skip48
\bibindent=\dimen134
)
(/usr/share/texlive/texmf-dist/tex/latex/float/float.sty
Package: float 2001/11/08 v1.3d Float enhancements (AL)
\c@float@type=\count175
\float@exts=\toks14
\float@box=\box45
\@float@everytoks=\toks15
\@floatcapt=\box46
)
(/usr/share/texlive/texmf-dist/tex/latex/graphics/graphicx.sty
Package: graphicx 2019/11/30 v1.2a Enhanced LaTeX Graphics (DPC,SPQR)

(/usr/share/texlive/texmf-dist/tex/latex/graphics/keyval.sty
Package: keyval 2014/10/28 v1.15 key=value parser (DPC)
\KV@toks@=\toks16
)
(/usr/share/texlive/texmf-dist/tex/latex/graphics/graphics.sty
Package: graphics 2019/11/30 v1.4a Standard LaTeX Graphics (DPC,SPQR)

(/usr/share/texlive/texmf-dist/tex/latex/graphics/trig.sty
Package: trig 2016/01/03 v1.10 sin cos tan (DPC)
)
(/usr/share/texlive/texmf-dist/tex/latex/graphics-cfg/graphics.cfg
File: graphics.cfg 2016/06/04 v1.11 sample graphics configuration
)
Package graphics Info: Driver file: pdftex.def on input line 105.

(/usr/share/texlive/texmf-dist/tex/latex/graphics-def/pdftex.def
File: pdftex.def 2018/01/08 v1.0l Graphics/color driver for pdftex
))
\Gin@req@height=\dimen135
\Gin@req@width=\dimen136
)
(/usr/share/texlive/texmf-dist/tex/latex/cleveref/cleveref.sty
Package: cleveref 2018/03/27 v0.21.4 Intelligent cross-referencing
)
(/usr/share/texlive/texmf-dist/tex/latex/hyperref/hyperref.sty
Package: hyperref 2020/01/14 v7.00d Hypertext links for LaTeX

(/usr/share/texlive/texmf-dist/tex/generic/ltxcmds/ltxcmds.sty
Package: ltxcmds 2019/12/15 v1.24 LaTeX kernel commands for general use (HO)
)
(/usr/share/texlive/texmf-dist/tex/generic/iftex/iftex.sty
Package: iftex 2019/11/07 v1.0c TeX engine tests
)
(/usr/share/texlive/texmf-dist/tex/latex/pdftexcmds/pdftexcmds.sty
Package: pdftexcmds 2019/11/24 v0.31 Utility functions of pdfTeX for LuaTeX (HO
)

(/usr/share/texlive/texmf-dist/tex/generic/infwarerr/infwarerr.sty
Package: infwarerr 2019/12/03 v1.5 Providing info/warning/error messages (HO)
)
Package pdftexcmds Info: \pdf@primitive is available.
Package pdftexcmds Info: \pdf@ifprimitive is available.
Package pdftexcmds Info: \pdfdraftmode found.
)
(/usr/share/texlive/texmf-dist/tex/generic/kvsetkeys/kvsetkeys.sty
Package: kvsetkeys 2019/12/15 v1.18 Key value parser (HO)
)
(/usr/share/texlive/texmf-dist/tex/generic/kvdefinekeys/kvdefinekeys.sty
Package: kvdefinekeys 2019-12-19 v1.6 Define keys (HO)
)
(/usr/share/texlive/texmf-dist/tex/generic/pdfescape/pdfescape.sty
Package: pdfescape 2019/12/09 v1.15 Implements pdfTeX's escape features (HO)
)
(/usr/share/texlive/texmf-dist/tex/latex/hycolor/hycolor.sty
Package: hycolor 2020-01-27 v1.10 Color options for hyperref/bookmark (HO)
)
(/usr/share/texlive/texmf-dist/tex/latex/letltxmacro/letltxmacro.sty
Package: letltxmacro 2019/12/03 v1.6 Let assignment for LaTeX macros (HO)
)
(/usr/share/texlive/texmf-dist/tex/latex/auxhook/auxhook.sty
Package: auxhook 2019-12-17 v1.6 Hooks for auxiliary files (HO)
)
(/usr/share/texlive/texmf-dist/tex/latex/kvoptions/kvoptions.sty
Package: kvoptions 2019/11/29 v3.13 Key value format for package options (HO)
)
\@linkdim=\dimen137
\Hy@linkcounter=\count176
\Hy@pagecounter=\count177

(/usr/share/texlive/texmf-dist/tex/latex/hyperref/pd1enc.def
File: pd1enc.def 2020/01/14 v7.00d Hyperref: PDFDocEncoding definition (HO)
Now handling font encoding PD1 ...
... no UTF-8 mapping file for font encoding PD1
)
(/usr/share/texlive/texmf-dist/tex/generic/intcalc/intcalc.sty
Package: intcalc 2019/12/15 v1.3 Expandable calculations with integers (HO)
)
(/usr/share/texlive/texmf-dist/tex/generic/etexcmds/etexcmds.sty
Package: etexcmds 2019/12/15 v1.7 Avoid name clashes with e-TeX commands (HO)
)
\Hy@SavedSpaceFactor=\count178
\pdfmajorversion=\count179
Package hyperref Info: Hyper figures OFF on input line 4547.
Package hyperref Info: Link nesting OFF on input line 4552.
Package hyperref Info: Hyper index ON on input line 4555.
Package hyperref Info: Plain pages OFF on input line 4562.
Package hyperref Info: Backreferencing OFF on input line 4567.
Package hyperref Info: Implicit mode ON; LaTeX internals redefined.
Package hyperref Info: Bookmarks ON on input line 4800.
\c@Hy@tempcnt=\count180

(/usr/share/texlive/texmf-dist/tex/latex/url/url.sty
\Urlmuskip=\muskip16
Package: url 2013/09/16  ver 3.4  Verb mode for urls, etc.
)
LaTeX Info: Redefining \url on input line 5159.
\XeTeXLinkMargin=\dimen138

(/usr/share/texlive/texmf-dist/tex/generic/bitset/bitset.sty
Package: bitset 2019/12/09 v1.3 Handle bit-vector datatype (HO)

(/usr/share/texlive/texmf-dist/tex/generic/bigintcalc/bigintcalc.sty
Package: bigintcalc 2019/12/15 v1.5 Expandable calculations on big integers (HO
)
))
\Fld@menulength=\count181
\Field@Width=\dimen139
\Fld@charsize=\dimen140
Package hyperref Info: Hyper figures OFF on input line 6430.
Package hyperref Info: Link nesting OFF on input line 6435.
Package hyperref Info: Hyper index ON on input line 6438.
Package hyperref Info: backreferencing OFF on input line 6445.
Package hyperref Info: Link coloring OFF on input line 6450.
Package hyperref Info: Link coloring with OCG OFF on input line 6455.
Package hyperref Info: PDF/A mode OFF on input line 6460.
LaTeX Info: Redefining \ref on input line 6500.
LaTeX Info: Redefining \pageref on input line 6504.

(/usr/share/texlive/texmf-dist/tex/generic/atbegshi/atbegshi.sty
Package: atbegshi 2019/12/05 v1.19 At begin shipout hook (HO)
)
\Hy@abspage=\count182
\c@Item=\count183
\c@Hfootnote=\count184
)
Package hyperref Info: Driver (autodetected): hpdftex.

(/usr/share/texlive/texmf-dist/tex/latex/hyperref/hpdftex.def
File: hpdftex.def 2020/01/14 v7.00d Hyperref driver for pdfTeX

(/usr/share/texlive/texmf-dist/tex/latex/atveryend/atveryend.sty
Package: atveryend 2019-12-11 v1.11 Hooks at the very end of document (HO)
Package atveryend Info: \enddocument detected (standard20110627).
)
\Fld@listcount=\count185
\c@bookmark@seq@number=\count186

(/usr/share/texlive/texmf-dist/tex/latex/rerunfilecheck/rerunfilecheck.sty
Package: rerunfilecheck 2019/12/05 v1.9 Rerun checks for auxiliary files (HO)

(/usr/share/texlive/texmf-dist/tex/generic/uniquecounter/uniquecounter.sty
Package: uniquecounter 2019/12/15 v1.4 Provide unlimited unique counter (HO)
)
Package uniquecounter Info: New unique counter `rerunfilecheck' on input line 2
86.
)
\Hy@SectionHShift=\skip49
)
(/usr/share/texlive/texmf-dist/tex/latex/l3backend/l3backend-pdfmode.def
File: l3backend-pdfmode.def 2020-02-03 L3 backend support: PDF mode
\l__kernel_color_stack_int=\count187
\l__pdf_internal_box=\box47
)
(./report.aux)
\openout1 = `report.aux'.

LaTeX Font Info:    Checking defaults for OML/cmm/m/it on input line 7.
LaTeX Font Info:    ... okay on input line 7.
LaTeX Font Info:    Checking defaults for OMS/cmsy/m/n on input line 7.
LaTeX Font Info:    ... okay on input line 7.
LaTeX Font Info:    Checking defaults for OT1/cmr/m/n on input line 7.
LaTeX Font Info:    ... okay on input line 7.
LaTeX Font Info:    Checking defaults for T1/cmr/m/n on input line 7.
LaTeX Font Info:    ... okay on input line 7.
LaTeX Font Info:    Checking defaults for TS1/cmr/m/n on input line 7.
LaTeX Font Info:    ... okay on input line 7.
LaTeX Font Info:    Checking defaults for OMX/cmex/m/n on input line 7.
LaTeX Font Info:    ... okay on input line 7.
LaTeX Font Info:    Checking defaults for U/cmr/m/n on input line 7.
LaTeX Font Info:    ... okay on input line 7.
LaTeX Font Info:    Checking defaults for PD1/pdf/m/n on input line 7.
LaTeX Font Info:    ... okay on input line 7.

(/usr/share/texlive/texmf-dist/tex/context/base/mkii/supp-pdf.mkii
[Loading MPS to PDF converter (version 2006.09.02).]
\scratchcounter=\count188
\scratchdimen=\dimen141
\scratchbox=\box48
\nofMPsegments=\count189
\nofMParguments=\count190
\everyMPshowfont=\toks17
\MPscratchCnt=\count191
\MPscratchDim=\dimen142
\MPnumerator=\count192
\makeMPintoPDFobject=\count193
\everyMPtoPDFconversion=\toks18
) (/usr/share/texlive/texmf-dist/tex/latex/epstopdf-pkg/epstopdf-base.sty
Package: epstopdf-base 2020-01-24 v2.11 Base part for package epstopdf
Package epstopdf-base Info: Redefining graphics rule for `.eps' on input line 4
85.

(/usr/share/texlive/texmf-dist/tex/latex/latexconfig/epstopdf-sys.cfg
File: epstopdf-sys.cfg 2010/07/13 v1.3 Configuration of (r)epstopdf for TeX Liv
e
))

! Package cleveref Error: cleveref must be loaded after hyperref!.

See the cleveref package documentation for explanation.
Type  H <return>  for immediate help.
 ...                                              
                                                  
l.7 \begin{document}
                    
? s
OK, entering \scrollmode...
\AtBeginShipoutBox=\box49
Package hyperref Info: Link coloring OFF on input line 7.
(/usr/share/texlive/texmf-dist/tex/latex/hyperref/nameref.sty
Package: nameref 2019/09/16 v2.46 Cross-referencing by name of section

(/usr/share/texlive/texmf-dist/tex/latex/refcount/refcount.sty
Package: refcount 2019/12/15 v3.6 Data extraction from label references (HO)
)
(/usr/share/texlive/texmf-dist/tex/generic/gettitlestring/gettitlestring.sty
Package: gettitlestring 2019/12/15 v1.6 Cleanup title references (HO)
)
\c@section@level=\count194
)
LaTeX Info: Redefining \ref on input line 7.
LaTeX Info: Redefining \pageref on input line 7.
LaTeX Info: Redefining \nameref on input line 7.

(./report.out) (./report.out)
\@outlinefile=\write3
\openout3 = `report.out'.

LaTeX Font Info:    External font `cmex10' loaded for size
(Font)              <12> on input line 12.
LaTeX Font Info:    External font `cmex10' loaded for size
(Font)              <8> on input line 12.
LaTeX Font Info:    External font `cmex10' loaded for size
(Font)              <6> on input line 12.
 (./report.toc
LaTeX Font Info:    External font `cmex10' loaded for size
(Font)              <7> on input line 3.
LaTeX Font Info:    External font `cmex10' loaded for size
(Font)              <5> on input line 3.
)
\tf@toc=\write4
\openout4 = `report.toc'.

 [1

{/var/lib/texmf/fonts/map/pdftex/updmap/pdftex.map}] [2] [3]
Overfull \hbox (7.76907pt too wide) in paragraph at lines 73--74
[]\OT1/cmr/m/n/10 Core op-er-a-tions in the skip list in-clude search, in-ser-t
ion, and dele-tion. Searches
 []

<../plots/sequential_throughput.pdf, id=91, 512.93031pt x 374.82634pt>
File: ../plots/sequential_throughput.pdf Graphic file (type pdf)
<use ../plots/sequential_throughput.pdf>
Package pdftex.def Info: ../plots/sequential_throughput.pdf  used on input line
 87.
(pdftex.def)             Requested size: 345.0pt x 252.11606pt.
[4] [5 <../plots/sequential_throughput.pdf>]
<../plots/coarse_throughput.pdf, id=123, 344.45589pt x 212.56514pt>
File: ../plots/coarse_throughput.pdf Graphic file (type pdf)
<use ../plots/coarse_throughput.pdf>
Package pdftex.def Info: ../plots/coarse_throughput.pdf  used on input line 109
.
(pdftex.def)             Requested size: 344.45505pt x 212.5646pt.
<../plots/coarse_per_thread.pdf, id=124, 343.8998pt x 212.56514pt>
File: ../plots/coarse_per_thread.pdf Graphic file (type pdf)
<use ../plots/coarse_per_thread.pdf>
Package pdftex.def Info: ../plots/coarse_per_thread.pdf  used on input line 119
.
(pdftex.def)             Requested size: 343.89894pt x 212.5646pt.
 [6 <../plots/coarse_throughput.pdf>] [7 <../plots/coarse_per_thread.pdf>]
<../plots/fine_throughput.pdf, id=158, 344.45589pt x 212.56514pt>
File: ../plots/fine_throughput.pdf Graphic file (type pdf)
<use ../plots/fine_throughput.pdf>
Package pdftex.def Info: ../plots/fine_throughput.pdf  used on input line 145.
(pdftex.def)             Requested size: 344.45505pt x 212.5646pt.
<../plots/fine_per_thread.pdf, id=159, 343.8998pt x 212.56514pt>
File: ../plots/fine_per_thread.pdf Graphic file (type pdf)
<use ../plots/fine_per_thread.pdf>
Package pdftex.def Info: ../plots/fine_per_thread.pdf  used on input line 155.
(pdftex.def)             Requested size: 343.89894pt x 212.5646pt.
 [8 <../plots/fine_throughput.pdf>]
[9 <../plots/fine_per_thread.pdf>] [10]
<../plots/lock_free_throughput.pdf, id=190, 344.45589pt x 212.56514pt>
File: ../plots/lock_free_throughput.pdf Graphic file (type pdf)
<use ../plots/lock_free_throughput.pdf>
Package pdftex.def Info: ../plots/lock_free_throughput.pdf  used on input line 
183.
(pdftex.def)             Requested size: 344.45505pt x 212.5646pt.
<../plots/lock_free_per_thread.pdf, id=191, 343.8998pt x 212.56514pt>
File: ../plots/lock_free_per_thread.pdf Graphic file (type pdf)
<use ../plots/lock_free_per_thread.pdf>
Package pdftex.def Info: ../plots/lock_free_per_thread.pdf  used on input line 
193.
(pdftex.def)             Requested size: 343.89894pt x 212.5646pt.
 [11 <../plots/lock_free_throughput.pdf>] [12 <../plots/lock_free_per_thread.pd
f>]
<../plots/parameters1_1s_per_thread.pdf, id=222, 351.07462pt x 212.56514pt>
File: ../plots/parameters1_1s_per_thread.pdf Graphic file (type pdf)
<use ../plots/parameters1_1s_per_thread.pdf>
Package pdftex.def Info: ../plots/parameters1_1s_per_thread.pdf  used on input 
line 212.
(pdftex.def)             Requested size: 351.07375pt x 212.5646pt.

Overfull \hbox (6.07375pt too wide) in paragraph at lines 212--213
 [][] 
 []

<../plots/parameters1_1s_throughput.pdf, id=223, 351.63068pt x 212.56514pt>
File: ../plots/parameters1_1s_throughput.pdf Graphic file (type pdf)
<use ../plots/parameters1_1s_throughput.pdf>
Package pdftex.def Info: ../plots/parameters1_1s_throughput.pdf  used on input 
line 222.
(pdftex.def)             Requested size: 351.6298pt x 212.5646pt.

Overfull \hbox (6.6298pt too wide) in paragraph at lines 222--223
 [][] 
 []

[13 <../plots/parameters1_1s_per_thread.pdf>]
<../plots/parameters1_5s_per_thread.pdf, id=238, 341.92743pt x 212.56514pt>
File: ../plots/parameters1_5s_per_thread.pdf Graphic file (type pdf)
<use ../plots/parameters1_5s_per_thread.pdf>
Package pdftex.def Info: ../plots/parameters1_5s_per_thread.pdf  used on input 
line 230.
(pdftex.def)             Requested size: 341.92657pt x 212.5646pt.
<../plots/parameters1_5s_throughput.pdf, id=239, 342.48352pt x 212.56514pt>
File: ../plots/parameters1_5s_throughput.pdf Graphic file (type pdf)
<use ../plots/parameters1_5s_throughput.pdf>
Package pdftex.def Info: ../plots/parameters1_5s_throughput.pdf  used on input 
line 240.
(pdftex.def)             Requested size: 342.48268pt x 212.5646pt.
 [14 <../plots/parameters1_1s_throughput.pdf> <../plots/parameters1_5s_per_thre
ad.pdf>]
<../plots/parameters2_1s_per_thread.pdf, id=263, 341.92743pt x 212.56514pt>
File: ../plots/parameters2_1s_per_thread.pdf Graphic file (type pdf)
<use ../plots/parameters2_1s_per_thread.pdf>
Package pdftex.def Info: ../plots/parameters2_1s_per_thread.pdf  used on input 
line 248.
(pdftex.def)             Requested size: 341.92657pt x 212.5646pt.
<../plots/parameters2_1s_throughput.pdf, id=264, 342.48352pt x 212.56514pt>
File: ../plots/parameters2_1s_throughput.pdf Graphic file (type pdf)
<use ../plots/parameters2_1s_throughput.pdf>
Package pdftex.def Info: ../plots/parameters2_1s_throughput.pdf  used on input 
line 258.
(pdftex.def)             Requested size: 342.48268pt x 212.5646pt.
 [15 <../plots/parameters1_5s_throughput.pdf> <../plots/parameters2_1s_per_thre
ad.pdf>]
<../plots/parameters2_5s_per_thread.pdf, id=287, 341.92743pt x 212.56514pt>
File: ../plots/parameters2_5s_per_thread.pdf Graphic file (type pdf)
<use ../plots/parameters2_5s_per_thread.pdf>
Package pdftex.def Info: ../plots/parameters2_5s_per_thread.pdf  used on input 
line 266.
(pdftex.def)             Requested size: 341.92657pt x 212.5646pt.
<../plots/parameters2_5s_throughput.pdf, id=288, 342.48352pt x 212.56514pt>
File: ../plots/parameters2_5s_throughput.pdf Graphic file (type pdf)
<use ../plots/parameters2_5s_throughput.pdf>
Package pdftex.def Info: ../plots/parameters2_5s_throughput.pdf  used on input 
line 276.
(pdftex.def)             Requested size: 342.48268pt x 212.5646pt.
 [16 <../plots/parameters2_1s_throughput.pdf> <../plots/parameters2_5s_per_thre
ad.pdf>]
Package atveryend Info: Empty hook `BeforeClearDocument' on input line 290.
 [17 <../plots/parameters2_5s_throughput.pdf>]
Package atveryend Info: Empty hook `AfterLastShipout' on input line 290.
 (./report.aux)
Package atveryend Info: Executing hook `AtVeryEndDocument' on input line 290.
Package atveryend Info: Executing hook `AtEndAfterFileList' on input line 290.
Package rerunfilecheck Info: File `report.out' has not changed.
(rerunfilecheck)             Checksum: 80422A735FB0C58AF66278BCABE2EE96;650.
Package atveryend Info: Empty hook `AtVeryVeryEnd' on input line 290.
 ) 
Here is how much of TeX's memory you used:
 7105 strings out of 483183
 123554 string characters out of 5966292
 367768 words of memory out of 5000000
 21951 multiletter control sequences out of 15000+600000
 536761 words of font info for 39 fonts, out of 8000000 for 9000
 14 hyphenation exceptions out of 8191
 34i,8n,29p,1033b,402s stack positions out of 5000i,500n,10000p,200000b,80000s
</usr/share/texlive/texmf-dist/fonts/type1/public/amsfonts/cm/cmbx10.pfb></us
r/share/texlive/texmf-dist/fonts/type1/public/amsfonts/cm/cmbx12.pfb></usr/shar
e/texlive/texmf-dist/fonts/type1/public/amsfonts/cm/cmmi10.pfb></usr/share/texl
ive/texmf-dist/fonts/type1/public/amsfonts/cm/cmmi7.pfb></usr/share/texlive/tex
mf-dist/fonts/type1/public/amsfonts/cm/cmr10.pfb></usr/share/texlive/texmf-dist
/fonts/type1/public/amsfonts/cm/cmr12.pfb></usr/share/texlive/texmf-dist/fonts/
type1/public/amsfonts/cm/cmr17.pfb></usr/share/texlive/texmf-dist/fonts/type1/p
ublic/amsfonts/cm/cmr7.pfb></usr/share/texlive/texmf-dist/fonts/type1/public/am
sfonts/cm/cmsy10.pfb></usr/share/texlive/texmf-dist/fonts/type1/public/amsfonts
/cm/cmtt10.pfb>
Output written on report.pdf (17 pages, 205139 bytes).
PDF statistics:
 368 PDF objects out of 1000 (max. 8388607)
 320 compressed objects within 4 object streams
 75 named destinations out of 1000 (max. 500000)
 156 words of extra memory for PDF output out of 10000 (max. 10000000)

